*** Entering Maze at: (6,0) ***
# Begin ############################################################
A o o o o o x o o o o o o o o o o o o o o o o o o o o o o o o o o o o o o o o B  
o o o o o o x o o o o o o o o o o o o o o x o o o o o o o o o o o o o o o o o o  
o o o o o o x o o o o o o o o o x o x o o x o o o o o o o o o o o o o o o o o o  
o o o o o x x x o o o o o o o x x x x x x x x o x x x x x x x x x o o o o o o o  
o o o o o o x o o o o o o o o o x o o x o o x o x o o o o o o o x o o o o o o o  
o o o o o o x o o o o o o o o o o o o o o o x o x o o o o x x x x o o o o o o o  
o o o o o o o o o o o o o o o o o o o o o o x o x o o o o x o o o o o o o o o o  
o o x o o o o o o o o o o o o o o o o o o o x x x o o o o x o o o o o o o o o o  
o x x x o o o o o o o o o o o o o o o o o o o o o o o o o x o o o o o o o o o o  
o o x o o o o o o o o o o o o o o o o o o o o o o o o o o x x x x x o o o o o o  
o o x o o o o o o o x o o o o o o o o o o o o o o o o o o o o o o x x x o o o o  
o o x o x x x x x x x x x x x x x x x x x o o o o o o o o o o o o x o x o o o o  
x x x x x o o o o o x o o o o o o o o o x o o o o o o o o o o o x x o x o o o o  
x o o o o x x x o o x o o o o o o o o o x o o o o o o o o o o x x o o x o o o o  
x o o o o x o x o x x x o o o o o o o o x x x o o o o o o o o x o o o x o o o o  
x o o o o x o x o o x o o o o o o o o o o o x o o o o o o o o x o o o x x o o o  
x o o o o x o x o o o o o o o o o o o o x o x o o o x x x o o x o o o o x o o o  
x o o o o x o x o o o o o o o o o x x o x x x x x x x o x x x x x o o o x o o o  
x o o o o x o x o o o o o o o o o x x x x o o o o x o o x o o o x o o o x x o o  
x o o o o x o x o x x x x o o o o x o o x o o o o x o o x o o o x o o o o x o o  
x o o x x x o x o x o o x o o o o x o o x x o o o x o o x o o o x o o o o x o o  
x o o x o x o x o x o o x o o o o x o o o x o o o x o o x x x x x o o o o x o o  
x o o x o x o x x x o o x o o o o o o o o x o o o x o o o o o o x o o o o x o o  
x o o x o x o o o o o o x o o o o o o o o x o o o o o o o o o o o o o o o x o o  
x o o x o x o o o o o o x o o o o x o o o x o o o o o o o o o o o o o x o x o o  
x o o x o x o o o o o o x x x x x x x x o x o o o o o o o o o o o o o x o x o o  
x o o x o o o o o o o o x o o o o o o x o x o o o o o o o o o o o o o x x x o o  
x o o x o o o o o o o o x o o o o o o x o x o o o o o o o o o o o o o o o x o o  
x o o x o o o o o o o o x x x o o o o x o x o o o o o o o o o o o o o o o x x o  
x o o x o o o o o o o o o o x o o o o x x x o o o o o o o o o o o o o o o o x o  
x o x x o o o o o o o o o o x o o o o o o o o o o o o o o o o x x x o o o o x o  
x o o x o o o o o o x x x x x o o o o o o o o o o o o o o o o x o x x o o o x o  
x o o x o o o o o o x o o x o o o o o o o o o o o o o o o o o x o o x o o o x o  
x o o x o o o o o o x o o o o o o o o o o o o o o x x x x o o x o o x o x x x o  
x o o x o o o o o o x o o o o o o o o o o o o o o x o o x o o x o o x o x o o o  
x o o x o o o o o o x o o o o o o o o o o o o o o x o o x o o x o o x x x o o o  
x o o x o o o o o o x o o o o o o o o o o o o o o x o o x o o x o o o o o o o o  
x o o o o o o o o o x o x o o o o o o o o o o o o x o o x o o x o o o o o o o o  
x o o o o o o o o o x x x o o o o o o o o o o o o x o o x o o x o o o o o o o o  
x x o o o o o o o o o o x o o o o o o o o o o o o x o o x x x x o o o o o o o o  
o o o o o o o o o o o o o o o o o o o o o o o o o x o o o o o o o o o o o o o Z  
************************************************************************
        $x:6,$y:0	$xentry:6,$yentry:0	$xp:,$yp:
        $temp: $DONE:NO $SOLVED:
        $tm:
        $germ:
        @branch:

************************************************************************
#2 marking: $cp[0][6] with (+) symbol
Starting addbud... @G60: 6,1
Starting addbranch...
After split: $chx: 6, $chy: 1
************************************************************************
        $x:6,$y:1	$xentry:6,$yentry:0	$xp:6,$yp:0
        $temp: $DONE:NO $SOLVED:NO
        $tm:
        $germ:G60
        @branch:
G60
************************************************************************
A o o o o o + o o o o o o o o o o o o o o o o o o o o o o o o o o o o o o o o B  
o o o o o o x o o o o o o o o o o o o o o x o o o o o o o o o o o o o o o o o o  
o o o o o o x o o o o o o o o o x o x o o x o o o o o o o o o o o o o o o o o o  
o o o o o x x x o o o o o o o x x x x x x x x o x x x x x x x x x o o o o o o o  
o o o o o o x o o o o o o o o o x o o x o o x o x o o o o o o o x o o o o o o o  
o o o o o o x o o o o o o o o o o o o o o o x o x o o o o x x x x o o o o o o o  
o o o o o o o o o o o o o o o o o o o o o o x o x o o o o x o o o o o o o o o o  
o o x o o o o o o o o o o o o o o o o o o o x x x o o o o x o o o o o o o o o o  
o x x x o o o o o o o o o o o o o o o o o o o o o o o o o x o o o o o o o o o o  
o o x o o o o o o o o o o o o o o o o o o o o o o o o o o x x x x x o o o o o o  
o o x o o o o o o o x o o o o o o o o o o o o o o o o o o o o o o x x x o o o o  
o o x o x x x x x x x x x x x x x x x x x o o o o o o o o o o o o x o x o o o o  
x x x x x o o o o o x o o o o o o o o o x o o o o o o o o o o o x x o x o o o o  
x o o o o x x x o o x o o o o o o o o o x o o o o o o o o o o x x o o x o o o o  
x o o o o x o x o x x x o o o o o o o o x x x o o o o o o o o x o o o x o o o o  
x o o o o x o x o o x o o o o o o o o o o o x o o o o o o o o x o o o x x o o o  
x o o o o x o x o o o o o o o o o o o o x o x o o o x x x o o x o o o o x o o o  
x o o o o x o x o o o o o o o o o x x o x x x x x x x o x x x x x o o o x o o o  
x o o o o x o x o o o o o o o o o x x x x o o o o x o o x o o o x o o o x x o o  
x o o o o x o x o x x x x o o o o x o o x o o o o x o o x o o o x o o o o x o o  
x o o x x x o x o x o o x o o o o x o o x x o o o x o o x o o o x o o o o x o o  
x o o x o x o x o x o o x o o o o x o o o x o o o x o o x x x x x o o o o x o o  
x o o x o x o x x x o o x o o o o o o o o x o o o x o o o o o o x o o o o x o o  
x o o x o x o o o o o o x o o o o o o o o x o o o o o o o o o o o o o o o x o o  
x o o x o x o o o o o o x o o o o x o o o x o o o o o o o o o o o o o x o x o o  
x o o x o x o o o o o o x x x x x x x x o x o o o o o o o o o o o o o x o x o o  
x o o x o o o o o o o o x o o o o o o x o x o o o o o o o o o o o o o x x x o o  
x o o x o o o o o o o o x o o o o o o x o x o o o o o o o o o o o o o o o x o o  
x o o x o o o o o o o o x x x o o o o x o x o o o o o o o o o o o o o o o x x o  
x o o x o o o o o o o o o o x o o o o x x x o o o o o o o o o o o o o o o o x o  
x o x x o o o o o o o o o o x o o o o o o o o o o o o o o o o x x x o o o o x o  
x o o x o o o o o o x x x x x o o o o o o o o o o o o o o o o x o x x o o o x o  
x o o x o o o o o o x o o x o o o o o o o o o o o o o o o o o x o o x o o o x o  
x o o x o o o o o o x o o o o o o o o o o o o o o x x x x o o x o o x o x x x o  
x o o x o o o o o o x o o o o o o o o o o o o o o x o o x o o x o o x o x o o o  
x o o x o o o o o o x o o o o o o o o o o o o o o x o o x o o x o o x x x o o o  
x o o x o o o o o o x o o o o o o o o o o o o o o x o o x o o x o o o o o o o o  
x o o o o o o o o o x o x o o o o o o o o o o o o x o o x o o x o o o o o o o o  
x o o o o o o o o o x x x o o o o o o o o o o o o x o o x o o x o o o o o o o o  
x x o o o o o o o o o o x o o o o o o o o o o o o x o o x x x x o o o o o o o o  
o o o o o o o o o o o o o o o o o o o o o o o o o x o o o o o o o o o o o o o Z  
# Sleeping #########################################################
# Begin ############################################################
A o o o o o + o o o o o o o o o o o o o o o o o o o o o o o o o o o o o o o o B  
o o o o o o x o o o o o o o o o o o o o o x o o o o o o o o o o o o o o o o o o  
o o o o o o x o o o o o o o o o x o x o o x o o o o o o o o o o o o o o o o o o  
o o o o o x x x o o o o o o o x x x x x x x x o x x x x x x x x x o o o o o o o  
o o o o o o x o o o o o o o o o x o o x o o x o x o o o o o o o x o o o o o o o  
o o o o o o x o o o o o o o o o o o o o o o x o x o o o o x x x x o o o o o o o  
o o o o o o o o o o o o o o o o o o o o o o x o x o o o o x o o o o o o o o o o  
o o x o o o o o o o o o o o o o o o o o o o x x x o o o o x o o o o o o o o o o  
o x x x o o o o o o o o o o o o o o o o o o o o o o o o o x o o o o o o o o o o  
o o x o o o o o o o o o o o o o o o o o o o o o o o o o o x x x x x o o o o o o  
o o x o o o o o o o x o o o o o o o o o o o o o o o o o o o o o o x x x o o o o  
o o x o x x x x x x x x x x x x x x x x x o o o o o o o o o o o o x o x o o o o  
x x x x x o o o o o x o o o o o o o o o x o o o o o o o o o o o x x o x o o o o  
x o o o o x x x o o x o o o o o o o o o x o o o o o o o o o o x x o o x o o o o  
x o o o o x o x o x x x o o o o o o o o x x x o o o o o o o o x o o o x o o o o  
x o o o o x o x o o x o o o o o o o o o o o x o o o o o o o o x o o o x x o o o  
x o o o o x o x o o o o o o o o o o o o x o x o o o x x x o o x o o o o x o o o  
x o o o o x o x o o o o o o o o o x x o x x x x x x x o x x x x x o o o x o o o  
x o o o o x o x o o o o o o o o o x x x x o o o o x o o x o o o x o o o x x o o  
x o o o o x o x o x x x x o o o o x o o x o o o o x o o x o o o x o o o o x o o  
x o o x x x o x o x o o x o o o o x o o x x o o o x o o x o o o x o o o o x o o  
x o o x o x o x o x o o x o o o o x o o o x o o o x o o x x x x x o o o o x o o  
x o o x o x o x x x o o x o o o o o o o o x o o o x o o o o o o x o o o o x o o  
x o o x o x o o o o o o x o o o o o o o o x o o o o o o o o o o o o o o o x o o  
x o o x o x o o o o o o x o o o o x o o o x o o o o o o o o o o o o o x o x o o  
x o o x o x o o o o o o x x x x x x x x o x o o o o o o o o o o o o o x o x o o  
x o o x o o o o o o o o x o o o o o o x o x o o o o o o o o o o o o o x x x o o  
x o o x o o o o o o o o x o o o o o o x o x o o o o o o o o o o o o o o o x o o  
x o o x o o o o o o o o x x x o o o o x o x o o o o o o o o o o o o o o o x x o  
x o o x o o o o o o o o o o x o o o o x x x o o o o o o o o o o o o o o o o x o  
x o x x o o o o o o o o o o x o o o o o o o o o o o o o o o o x x x o o o o x o  
x o o x o o o o o o x x x x x o o o o o o o o o o o o o o o o x o x x o o o x o  
x o o x o o o o o o x o o x o o o o o o o o o o o o o o o o o x o o x o o o x o  
x o o x o o o o o o x o o o o o o o o o o o o o o x x x x o o x o o x o x x x o  
x o o x o o o o o o x o o o o o o o o o o o o o o x o o x o o x o o x o x o o o  
x o o x o o o o o o x o o o o o o o o o o o o o o x o o x o o x o o x x x o o o  
x o o x o o o o o o x o o o o o o o o o o o o o o x o o x o o x o o o o o o o o  
x o o o o o o o o o x o x o o o o o o o o o o o o x o o x o o x o o o o o o o o  
x o o o o o o o o o x x x o o o o o o o o o o o o x o o x o o x o o o o o o o o  
x x o o o o o o o o o o x o o o o o o o o o o o o x o o x x x x o o o o o o o o  
o o o o o o o o o o o o o o o o o o o o o o o o o x o o o o o o o o o o o o o Z  
************************************************************************
        $x:6,$y:1	$xentry:6,$yentry:0	$xp:6,$yp:0
        $temp: $DONE:NO $SOLVED:NO
        $tm:
        $germ:G60
        @branch:
G60
************************************************************************
#2 marking: $cp[1][6] with (+) symbol
Starting addbud... @G61: 6,2
Starting addbranch...
After split: $chx: 6, $chy: 2
************************************************************************
        $x:6,$y:2	$xentry:6,$yentry:0	$xp:6,$yp:1
        $temp: $DONE:NO $SOLVED:NO
        $tm:
        $germ:G61
        @branch:
G60 G61
************************************************************************
A o o o o o + o o o o o o o o o o o o o o o o o o o o o o o o o o o o o o o o B  
o o o o o o + o o o o o o o o o o o o o o x o o o o o o o o o o o o o o o o o o  
o o o o o o x o o o o o o o o o x o x o o x o o o o o o o o o o o o o o o o o o  
o o o o o x x x o o o o o o o x x x x x x x x o x x x x x x x x x o o o o o o o  
o o o o o o x o o o o o o o o o x o o x o o x o x o o o o o o o x o o o o o o o  
o o o o o o x o o o o o o o o o o o o o o o x o x o o o o x x x x o o o o o o o  
o o o o o o o o o o o o o o o o o o o o o o x o x o o o o x o o o o o o o o o o  
o o x o o o o o o o o o o o o o o o o o o o x x x o o o o x o o o o o o o o o o  
o x x x o o o o o o o o o o o o o o o o o o o o o o o o o x o o o o o o o o o o  
o o x o o o o o o o o o o o o o o o o o o o o o o o o o o x x x x x o o o o o o  
o o x o o o o o o o x o o o o o o o o o o o o o o o o o o o o o o x x x o o o o  
o o x o x x x x x x x x x x x x x x x x x o o o o o o o o o o o o x o x o o o o  
x x x x x o o o o o x o o o o o o o o o x o o o o o o o o o o o x x o x o o o o  
x o o o o x x x o o x o o o o o o o o o x o o o o o o o o o o x x o o x o o o o  
x o o o o x o x o x x x o o o o o o o o x x x o o o o o o o o x o o o x o o o o  
x o o o o x o x o o x o o o o o o o o o o o x o o o o o o o o x o o o x x o o o  
x o o o o x o x o o o o o o o o o o o o x o x o o o x x x o o x o o o o x o o o  
x o o o o x o x o o o o o o o o o x x o x x x x x x x o x x x x x o o o x o o o  
x o o o o x o x o o o o o o o o o x x x x o o o o x o o x o o o x o o o x x o o  
x o o o o x o x o x x x x o o o o x o o x o o o o x o o x o o o x o o o o x o o  
x o o x x x o x o x o o x o o o o x o o x x o o o x o o x o o o x o o o o x o o  
x o o x o x o x o x o o x o o o o x o o o x o o o x o o x x x x x o o o o x o o  
x o o x o x o x x x o o x o o o o o o o o x o o o x o o o o o o x o o o o x o o  
x o o x o x o o o o o o x o o o o o o o o x o o o o o o o o o o o o o o o x o o  
x o o x o x o o o o o o x o o o o x o o o x o o o o o o o o o o o o o x o x o o  
x o o x o x o o o o o o x x x x x x x x o x o o o o o o o o o o o o o x o x o o  
x o o x o o o o o o o o x o o o o o o x o x o o o o o o o o o o o o o x x x o o  
x o o x o o o o o o o o x o o o o o o x o x o o o o o o o o o o o o o o o x o o  
x o o x o o o o o o o o x x x o o o o x o x o o o o o o o o o o o o o o o x x o  
x o o x o o o o o o o o o o x o o o o x x x o o o o o o o o o o o o o o o o x o  
x o x x o o o o o o o o o o x o o o o o o o o o o o o o o o o x x x o o o o x o  
x o o x o o o o o o x x x x x o o o o o o o o o o o o o o o o x o x x o o o x o  
x o o x o o o o o o x o o x o o o o o o o o o o o o o o o o o x o o x o o o x o  
x o o x o o o o o o x o o o o o o o o o o o o o o x x x x o o x o o x o x x x o  
x o o x o o o o o o x o o o o o o o o o o o o o o x o o x o o x o o x o x o o o  
x o o x o o o o o o x o o o o o o o o o o o o o o x o o x o o x o o x x x o o o  
x o o x o o o o o o x o o o o o o o o o o o o o o x o o x o o x o o o o o o o o  
x o o o o o o o o o x o x o o o o o o o o o o o o x o o x o o x o o o o o o o o  
x o o o o o o o o o x x x o o o o o o o o o o o o x o o x o o x o o o o o o o o  
x x o o o o o o o o o o x o o o o o o o o o o o o x o o x x x x o o o o o o o o  
o o o o o o o o o o o o o o o o o o o o o o o o o x o o o o o o o o o o o o o Z  
# Sleeping #########################################################
# Begin ############################################################
A o o o o o + o o o o o o o o o o o o o o o o o o o o o o o o o o o o o o o o B  
o o o o o o + o o o o o o o o o o o o o o x o o o o o o o o o o o o o o o o o o  
o o o o o o x o o o o o o o o o x o x o o x o o o o o o o o o o o o o o o o o o  
o o o o o x x x o o o o o o o x x x x x x x x o x x x x x x x x x o o o o o o o  
o o o o o o x o o o o o o o o o x o o x o o x o x o o o o o o o x o o o o o o o  
o o o o o o x o o o o o o o o o o o o o o o x o x o o o o x x x x o o o o o o o  
o o o o o o o o o o o o o o o o o o o o o o x o x o o o o x o o o o o o o o o o  
o o x o o o o o o o o o o o o o o o o o o o x x x o o o o x o o o o o o o o o o  
o x x x o o o o o o o o o o o o o o o o o o o o o o o o o x o o o o o o o o o o  
o o x o o o o o o o o o o o o o o o o o o o o o o o o o o x x x x x o o o o o o  
o o x o o o o o o o x o o o o o o o o o o o o o o o o o o o o o o x x x o o o o  
o o x o x x x x x x x x x x x x x x x x x o o o o o o o o o o o o x o x o o o o  
x x x x x o o o o o x o o o o o o o o o x o o o o o o o o o o o x x o x o o o o  
x o o o o x x x o o x o o o o o o o o o x o o o o o o o o o o x x o o x o o o o  
x o o o o x o x o x x x o o o o o o o o x x x o o o o o o o o x o o o x o o o o  
x o o o o x o x o o x o o o o o o o o o o o x o o o o o o o o x o o o x x o o o  
x o o o o x o x o o o o o o o o o o o o x o x o o o x x x o o x o o o o x o o o  
x o o o o x o x o o o o o o o o o x x o x x x x x x x o x x x x x o o o x o o o  
x o o o o x o x o o o o o o o o o x x x x o o o o x o o x o o o x o o o x x o o  
x o o o o x o x o x x x x o o o o x o o x o o o o x o o x o o o x o o o o x o o  
x o o x x x o x o x o o x o o o o x o o x x o o o x o o x o o o x o o o o x o o  
x o o x o x o x o x o o x o o o o x o o o x o o o x o o x x x x x o o o o x o o  
x o o x o x o x x x o o x o o o o o o o o x o o o x o o o o o o x o o o o x o o  
x o o x o x o o o o o o x o o o o o o o o x o o o o o o o o o o o o o o o x o o  
x o o x o x o o o o o o x o o o o x o o o x o o o o o o o o o o o o o x o x o o  
x o o x o x o o o o o o x x x x x x x x o x o o o o o o o o o o o o o x o x o o  
x o o x o o o o o o o o x o o o o o o x o x o o o o o o o o o o o o o x x x o o  
x o o x o o o o o o o o x o o o o o o x o x o o o o o o o o o o o o o o o x o o  
x o o x o o o o o o o o x x x o o o o x o x o o o o o o o o o o o o o o o x x o  
x o o x o o o o o o o o o o x o o o o x x x o o o o o o o o o o o o o o o o x o  
x o x x o o o o o o o o o o x o o o o o o o o o o o o o o o o x x x o o o o x o  
x o o x o o o o o o x x x x x o o o o o o o o o o o o o o o o x o x x o o o x o  
x o o x o o o o o o x o o x o o o o o o o o o o o o o o o o o x o o x o o o x o  
x o o x o o o o o o x o o o o o o o o o o o o o o x x x x o o x o o x o x x x o  
x o o x o o o o o o x o o o o o o o o o o o o o o x o o x o o x o o x o x o o o  
x o o x o o o o o o x o o o o o o o o o o o o o o x o o x o o x o o x x x o o o  
x o o x o o o o o o x o o o o o o o o o o o o o o x o o x o o x o o o o o o o o  
x o o o o o o o o o x o x o o o o o o o o o o o o x o o x o o x o o o o o o o o  
x o o o o o o o o o x x x o o o o o o o o o o o o x o o x o o x o o o o o o o o  
x x o o o o o o o o o o x o o o o o o o o o o o o x o o x x x x o o o o o o o o  
o o o o o o o o o o o o o o o o o o o o o o o o o x o o o o o o o o o o o o o Z  
************************************************************************
        $x:6,$y:2	$xentry:6,$yentry:0	$xp:6,$yp:1
        $temp: $DONE:NO $SOLVED:NO
        $tm:
        $germ:G61
        @branch:
G60 G61
************************************************************************
#2 marking: $cp[2][6] with (+) symbol
Starting addbud... @G62: 6,3
Starting addbranch...
After split: $chx: 6, $chy: 3
************************************************************************
        $x:6,$y:3	$xentry:6,$yentry:0	$xp:6,$yp:2
        $temp: $DONE:NO $SOLVED:NO
        $tm:
        $germ:G62
        @branch:
G60 G61 G62
************************************************************************
A o o o o o + o o o o o o o o o o o o o o o o o o o o o o o o o o o o o o o o B  
o o o o o o + o o o o o o o o o o o o o o x o o o o o o o o o o o o o o o o o o  
o o o o o o + o o o o o o o o o x o x o o x o o o o o o o o o o o o o o o o o o  
o o o o o x x x o o o o o o o x x x x x x x x o x x x x x x x x x o o o o o o o  
o o o o o o x o o o o o o o o o x o o x o o x o x o o o o o o o x o o o o o o o  
o o o o o o x o o o o o o o o o o o o o o o x o x o o o o x x x x o o o o o o o  
o o o o o o o o o o o o o o o o o o o o o o x o x o o o o x o o o o o o o o o o  
o o x o o o o o o o o o o o o o o o o o o o x x x o o o o x o o o o o o o o o o  
o x x x o o o o o o o o o o o o o o o o o o o o o o o o o x o o o o o o o o o o  
o o x o o o o o o o o o o o o o o o o o o o o o o o o o o x x x x x o o o o o o  
o o x o o o o o o o x o o o o o o o o o o o o o o o o o o o o o o x x x o o o o  
o o x o x x x x x x x x x x x x x x x x x o o o o o o o o o o o o x o x o o o o  
x x x x x o o o o o x o o o o o o o o o x o o o o o o o o o o o x x o x o o o o  
x o o o o x x x o o x o o o o o o o o o x o o o o o o o o o o x x o o x o o o o  
x o o o o x o x o x x x o o o o o o o o x x x o o o o o o o o x o o o x o o o o  
x o o o o x o x o o x o o o o o o o o o o o x o o o o o o o o x o o o x x o o o  
x o o o o x o x o o o o o o o o o o o o x o x o o o x x x o o x o o o o x o o o  
x o o o o x o x o o o o o o o o o x x o x x x x x x x o x x x x x o o o x o o o  
x o o o o x o x o o o o o o o o o x x x x o o o o x o o x o o o x o o o x x o o  
x o o o o x o x o x x x x o o o o x o o x o o o o x o o x o o o x o o o o x o o  
x o o x x x o x o x o o x o o o o x o o x x o o o x o o x o o o x o o o o x o o  
x o o x o x o x o x o o x o o o o x o o o x o o o x o o x x x x x o o o o x o o  
x o o x o x o x x x o o x o o o o o o o o x o o o x o o o o o o x o o o o x o o  
x o o x o x o o o o o o x o o o o o o o o x o o o o o o o o o o o o o o o x o o  
x o o x o x o o o o o o x o o o o x o o o x o o o o o o o o o o o o o x o x o o  
x o o x o x o o o o o o x x x x x x x x o x o o o o o o o o o o o o o x o x o o  
x o o x o o o o o o o o x o o o o o o x o x o o o o o o o o o o o o o x x x o o  
x o o x o o o o o o o o x o o o o o o x o x o o o o o o o o o o o o o o o x o o  
x o o x o o o o o o o o x x x o o o o x o x o o o o o o o o o o o o o o o x x o  
x o o x o o o o o o o o o o x o o o o x x x o o o o o o o o o o o o o o o o x o  
x o x x o o o o o o o o o o x o o o o o o o o o o o o o o o o x x x o o o o x o  
x o o x o o o o o o x x x x x o o o o o o o o o o o o o o o o x o x x o o o x o  
x o o x o o o o o o x o o x o o o o o o o o o o o o o o o o o x o o x o o o x o  
x o o x o o o o o o x o o o o o o o o o o o o o o x x x x o o x o o x o x x x o  
x o o x o o o o o o x o o o o o o o o o o o o o o x o o x o o x o o x o x o o o  
x o o x o o o o o o x o o o o o o o o o o o o o o x o o x o o x o o x x x o o o  
x o o x o o o o o o x o o o o o o o o o o o o o o x o o x o o x o o o o o o o o  
x o o o o o o o o o x o x o o o o o o o o o o o o x o o x o o x o o o o o o o o  
x o o o o o o o o o x x x o o o o o o o o o o o o x o o x o o x o o o o o o o o  
x x o o o o o o o o o o x o o o o o o o o o o o o x o o x x x x o o o o o o o o  
o o o o o o o o o o o o o o o o o o o o o o o o o x o o o o o o o o o o o o o Z  
# Sleeping #########################################################
# Begin ############################################################
A o o o o o + o o o o o o o o o o o o o o o o o o o o o o o o o o o o o o o o B  
o o o o o o + o o o o o o o o o o o o o o x o o o o o o o o o o o o o o o o o o  
o o o o o o + o o o o o o o o o x o x o o x o o o o o o o o o o o o o o o o o o  
o o o o o x x x o o o o o o o x x x x x x x x o x x x x x x x x x o o o o o o o  
o o o o o o x o o o o o o o o o x o o x o o x o x o o o o o o o x o o o o o o o  
o o o o o o x o o o o o o o o o o o o o o o x o x o o o o x x x x o o o o o o o  
o o o o o o o o o o o o o o o o o o o o o o x o x o o o o x o o o o o o o o o o  
o o x o o o o o o o o o o o o o o o o o o o x x x o o o o x o o o o o o o o o o  
o x x x o o o o o o o o o o o o o o o o o o o o o o o o o x o o o o o o o o o o  
o o x o o o o o o o o o o o o o o o o o o o o o o o o o o x x x x x o o o o o o  
o o x o o o o o o o x o o o o o o o o o o o o o o o o o o o o o o x x x o o o o  
o o x o x x x x x x x x x x x x x x x x x o o o o o o o o o o o o x o x o o o o  
x x x x x o o o o o x o o o o o o o o o x o o o o o o o o o o o x x o x o o o o  
x o o o o x x x o o x o o o o o o o o o x o o o o o o o o o o x x o o x o o o o  
x o o o o x o x o x x x o o o o o o o o x x x o o o o o o o o x o o o x o o o o  
x o o o o x o x o o x o o o o o o o o o o o x o o o o o o o o x o o o x x o o o  
x o o o o x o x o o o o o o o o o o o o x o x o o o x x x o o x o o o o x o o o  
x o o o o x o x o o o o o o o o o x x o x x x x x x x o x x x x x o o o x o o o  
x o o o o x o x o o o o o o o o o x x x x o o o o x o o x o o o x o o o x x o o  
x o o o o x o x o x x x x o o o o x o o x o o o o x o o x o o o x o o o o x o o  
x o o x x x o x o x o o x o o o o x o o x x o o o x o o x o o o x o o o o x o o  
x o o x o x o x o x o o x o o o o x o o o x o o o x o o x x x x x o o o o x o o  
x o o x o x o x x x o o x o o o o o o o o x o o o x o o o o o o x o o o o x o o  
x o o x o x o o o o o o x o o o o o o o o x o o o o o o o o o o o o o o o x o o  
x o o x o x o o o o o o x o o o o x o o o x o o o o o o o o o o o o o x o x o o  
x o o x o x o o o o o o x x x x x x x x o x o o o o o o o o o o o o o x o x o o  
x o o x o o o o o o o o x o o o o o o x o x o o o o o o o o o o o o o x x x o o  
x o o x o o o o o o o o x o o o o o o x o x o o o o o o o o o o o o o o o x o o  
x o o x o o o o o o o o x x x o o o o x o x o o o o o o o o o o o o o o o x x o  
x o o x o o o o o o o o o o x o o o o x x x o o o o o o o o o o o o o o o o x o  
x o x x o o o o o o o o o o x o o o o o o o o o o o o o o o o x x x o o o o x o  
x o o x o o o o o o x x x x x o o o o o o o o o o o o o o o o x o x x o o o x o  
x o o x o o o o o o x o o x o o o o o o o o o o o o o o o o o x o o x o o o x o  
x o o x o o o o o o x o o o o o o o o o o o o o o x x x x o o x o o x o x x x o  
x o o x o o o o o o x o o o o o o o o o o o o o o x o o x o o x o o x o x o o o  
x o o x o o o o o o x o o o o o o o o o o o o o o x o o x o o x o o x x x o o o  
x o o x o o o o o o x o o o o o o o o o o o o o o x o o x o o x o o o o o o o o  
x o o o o o o o o o x o x o o o o o o o o o o o o x o o x o o x o o o o o o o o  
x o o o o o o o o o x x x o o o o o o o o o o o o x o o x o o x o o o o o o o o  
x x o o o o o o o o o o x o o o o o o o o o o o o x o o x x x x o o o o o o o o  
o o o o o o o o o o o o o o o o o o o o o o o o o x o o o o o o o o o o o o o Z  
************************************************************************
        $x:6,$y:3	$xentry:6,$yentry:0	$xp:6,$yp:2
        $temp: $DONE:NO $SOLVED:NO
        $tm:
        $germ:G62
        @branch:
G60 G61 G62
************************************************************************
#2 marking: $cp[3][6] with (+) symbol
Starting addbud... @G63: 7,3
Starting addbud... @G63: 7,3 5,3
Starting addbud... @G63: 7,3 5,3 6,4
Starting addbranch...
After split: $chx: 6, $chy: 4
************************************************************************
        $x:6,$y:4	$xentry:6,$yentry:0	$xp:6,$yp:3
        $temp: $DONE:NO $SOLVED:NO
        $tm:
        $germ:G63
        @branch:
G60 G61 G62 G63
************************************************************************
A o o o o o + o o o o o o o o o o o o o o o o o o o o o o o o o o o o o o o o B  
o o o o o o + o o o o o o o o o o o o o o x o o o o o o o o o o o o o o o o o o  
o o o o o o + o o o o o o o o o x o x o o x o o o o o o o o o o o o o o o o o o  
o o o o o x + x o o o o o o o x x x x x x x x o x x x x x x x x x o o o o o o o  
o o o o o o x o o o o o o o o o x o o x o o x o x o o o o o o o x o o o o o o o  
o o o o o o x o o o o o o o o o o o o o o o x o x o o o o x x x x o o o o o o o  
o o o o o o o o o o o o o o o o o o o o o o x o x o o o o x o o o o o o o o o o  
o o x o o o o o o o o o o o o o o o o o o o x x x o o o o x o o o o o o o o o o  
o x x x o o o o o o o o o o o o o o o o o o o o o o o o o x o o o o o o o o o o  
o o x o o o o o o o o o o o o o o o o o o o o o o o o o o x x x x x o o o o o o  
o o x o o o o o o o x o o o o o o o o o o o o o o o o o o o o o o x x x o o o o  
o o x o x x x x x x x x x x x x x x x x x o o o o o o o o o o o o x o x o o o o  
x x x x x o o o o o x o o o o o o o o o x o o o o o o o o o o o x x o x o o o o  
x o o o o x x x o o x o o o o o o o o o x o o o o o o o o o o x x o o x o o o o  
x o o o o x o x o x x x o o o o o o o o x x x o o o o o o o o x o o o x o o o o  
x o o o o x o x o o x o o o o o o o o o o o x o o o o o o o o x o o o x x o o o  
x o o o o x o x o o o o o o o o o o o o x o x o o o x x x o o x o o o o x o o o  
x o o o o x o x o o o o o o o o o x x o x x x x x x x o x x x x x o o o x o o o  
x o o o o x o x o o o o o o o o o x x x x o o o o x o o x o o o x o o o x x o o  
x o o o o x o x o x x x x o o o o x o o x o o o o x o o x o o o x o o o o x o o  
x o o x x x o x o x o o x o o o o x o o x x o o o x o o x o o o x o o o o x o o  
x o o x o x o x o x o o x o o o o x o o o x o o o x o o x x x x x o o o o x o o  
x o o x o x o x x x o o x o o o o o o o o x o o o x o o o o o o x o o o o x o o  
x o o x o x o o o o o o x o o o o o o o o x o o o o o o o o o o o o o o o x o o  
x o o x o x o o o o o o x o o o o x o o o x o o o o o o o o o o o o o x o x o o  
x o o x o x o o o o o o x x x x x x x x o x o o o o o o o o o o o o o x o x o o  
x o o x o o o o o o o o x o o o o o o x o x o o o o o o o o o o o o o x x x o o  
x o o x o o o o o o o o x o o o o o o x o x o o o o o o o o o o o o o o o x o o  
x o o x o o o o o o o o x x x o o o o x o x o o o o o o o o o o o o o o o x x o  
x o o x o o o o o o o o o o x o o o o x x x o o o o o o o o o o o o o o o o x o  
x o x x o o o o o o o o o o x o o o o o o o o o o o o o o o o x x x o o o o x o  
x o o x o o o o o o x x x x x o o o o o o o o o o o o o o o o x o x x o o o x o  
x o o x o o o o o o x o o x o o o o o o o o o o o o o o o o o x o o x o o o x o  
x o o x o o o o o o x o o o o o o o o o o o o o o x x x x o o x o o x o x x x o  
x o o x o o o o o o x o o o o o o o o o o o o o o x o o x o o x o o x o x o o o  
x o o x o o o o o o x o o o o o o o o o o o o o o x o o x o o x o o x x x o o o  
x o o x o o o o o o x o o o o o o o o o o o o o o x o o x o o x o o o o o o o o  
x o o o o o o o o o x o x o o o o o o o o o o o o x o o x o o x o o o o o o o o  
x o o o o o o o o o x x x o o o o o o o o o o o o x o o x o o x o o o o o o o o  
x x o o o o o o o o o o x o o o o o o o o o o o o x o o x x x x o o o o o o o o  
o o o o o o o o o o o o o o o o o o o o o o o o o x o o o o o o o o o o o o o Z  
# Sleeping #########################################################
# Begin ############################################################
A o o o o o + o o o o o o o o o o o o o o o o o o o o o o o o o o o o o o o o B  
o o o o o o + o o o o o o o o o o o o o o x o o o o o o o o o o o o o o o o o o  
o o o o o o + o o o o o o o o o x o x o o x o o o o o o o o o o o o o o o o o o  
o o o o o x + x o o o o o o o x x x x x x x x o x x x x x x x x x o o o o o o o  
o o o o o o x o o o o o o o o o x o o x o o x o x o o o o o o o x o o o o o o o  
o o o o o o x o o o o o o o o o o o o o o o x o x o o o o x x x x o o o o o o o  
o o o o o o o o o o o o o o o o o o o o o o x o x o o o o x o o o o o o o o o o  
o o x o o o o o o o o o o o o o o o o o o o x x x o o o o x o o o o o o o o o o  
o x x x o o o o o o o o o o o o o o o o o o o o o o o o o x o o o o o o o o o o  
o o x o o o o o o o o o o o o o o o o o o o o o o o o o o x x x x x o o o o o o  
o o x o o o o o o o x o o o o o o o o o o o o o o o o o o o o o o x x x o o o o  
o o x o x x x x x x x x x x x x x x x x x o o o o o o o o o o o o x o x o o o o  
x x x x x o o o o o x o o o o o o o o o x o o o o o o o o o o o x x o x o o o o  
x o o o o x x x o o x o o o o o o o o o x o o o o o o o o o o x x o o x o o o o  
x o o o o x o x o x x x o o o o o o o o x x x o o o o o o o o x o o o x o o o o  
x o o o o x o x o o x o o o o o o o o o o o x o o o o o o o o x o o o x x o o o  
x o o o o x o x o o o o o o o o o o o o x o x o o o x x x o o x o o o o x o o o  
x o o o o x o x o o o o o o o o o x x o x x x x x x x o x x x x x o o o x o o o  
x o o o o x o x o o o o o o o o o x x x x o o o o x o o x o o o x o o o x x o o  
x o o o o x o x o x x x x o o o o x o o x o o o o x o o x o o o x o o o o x o o  
x o o x x x o x o x o o x o o o o x o o x x o o o x o o x o o o x o o o o x o o  
x o o x o x o x o x o o x o o o o x o o o x o o o x o o x x x x x o o o o x o o  
x o o x o x o x x x o o x o o o o o o o o x o o o x o o o o o o x o o o o x o o  
x o o x o x o o o o o o x o o o o o o o o x o o o o o o o o o o o o o o o x o o  
x o o x o x o o o o o o x o o o o x o o o x o o o o o o o o o o o o o x o x o o  
x o o x o x o o o o o o x x x x x x x x o x o o o o o o o o o o o o o x o x o o  
x o o x o o o o o o o o x o o o o o o x o x o o o o o o o o o o o o o x x x o o  
x o o x o o o o o o o o x o o o o o o x o x o o o o o o o o o o o o o o o x o o  
x o o x o o o o o o o o x x x o o o o x o x o o o o o o o o o o o o o o o x x o  
x o o x o o o o o o o o o o x o o o o x x x o o o o o o o o o o o o o o o o x o  
x o x x o o o o o o o o o o x o o o o o o o o o o o o o o o o x x x o o o o x o  
x o o x o o o o o o x x x x x o o o o o o o o o o o o o o o o x o x x o o o x o  
x o o x o o o o o o x o o x o o o o o o o o o o o o o o o o o x o o x o o o x o  
x o o x o o o o o o x o o o o o o o o o o o o o o x x x x o o x o o x o x x x o  
x o o x o o o o o o x o o o o o o o o o o o o o o x o o x o o x o o x o x o o o  
x o o x o o o o o o x o o o o o o o o o o o o o o x o o x o o x o o x x x o o o  
x o o x o o o o o o x o o o o o o o o o o o o o o x o o x o o x o o o o o o o o  
x o o o o o o o o o x o x o o o o o o o o o o o o x o o x o o x o o o o o o o o  
x o o o o o o o o o x x x o o o o o o o o o o o o x o o x o o x o o o o o o o o  
x x o o o o o o o o o o x o o o o o o o o o o o o x o o x x x x o o o o o o o o  
o o o o o o o o o o o o o o o o o o o o o o o o o x o o o o o o o o o o o o o Z  
************************************************************************
        $x:6,$y:4	$xentry:6,$yentry:0	$xp:6,$yp:3
        $temp: $DONE:NO $SOLVED:NO
        $tm:
        $germ:G63
        @branch:
G60 G61 G62 G63
************************************************************************
#2 marking: $cp[4][6] with (+) symbol
Starting addbud... @G64: 6,5
Starting addbranch...
After split: $chx: 6, $chy: 5
************************************************************************
        $x:6,$y:5	$xentry:6,$yentry:0	$xp:6,$yp:4
        $temp: $DONE:NO $SOLVED:NO
        $tm:
        $germ:G64
        @branch:
G60 G61 G62 G63 G64
************************************************************************
A o o o o o + o o o o o o o o o o o o o o o o o o o o o o o o o o o o o o o o B  
o o o o o o + o o o o o o o o o o o o o o x o o o o o o o o o o o o o o o o o o  
o o o o o o + o o o o o o o o o x o x o o x o o o o o o o o o o o o o o o o o o  
o o o o o x + x o o o o o o o x x x x x x x x o x x x x x x x x x o o o o o o o  
o o o o o o + o o o o o o o o o x o o x o o x o x o o o o o o o x o o o o o o o  
o o o o o o x o o o o o o o o o o o o o o o x o x o o o o x x x x o o o o o o o  
o o o o o o o o o o o o o o o o o o o o o o x o x o o o o x o o o o o o o o o o  
o o x o o o o o o o o o o o o o o o o o o o x x x o o o o x o o o o o o o o o o  
o x x x o o o o o o o o o o o o o o o o o o o o o o o o o x o o o o o o o o o o  
o o x o o o o o o o o o o o o o o o o o o o o o o o o o o x x x x x o o o o o o  
o o x o o o o o o o x o o o o o o o o o o o o o o o o o o o o o o x x x o o o o  
o o x o x x x x x x x x x x x x x x x x x o o o o o o o o o o o o x o x o o o o  
x x x x x o o o o o x o o o o o o o o o x o o o o o o o o o o o x x o x o o o o  
x o o o o x x x o o x o o o o o o o o o x o o o o o o o o o o x x o o x o o o o  
x o o o o x o x o x x x o o o o o o o o x x x o o o o o o o o x o o o x o o o o  
x o o o o x o x o o x o o o o o o o o o o o x o o o o o o o o x o o o x x o o o  
x o o o o x o x o o o o o o o o o o o o x o x o o o x x x o o x o o o o x o o o  
x o o o o x o x o o o o o o o o o x x o x x x x x x x o x x x x x o o o x o o o  
x o o o o x o x o o o o o o o o o x x x x o o o o x o o x o o o x o o o x x o o  
x o o o o x o x o x x x x o o o o x o o x o o o o x o o x o o o x o o o o x o o  
x o o x x x o x o x o o x o o o o x o o x x o o o x o o x o o o x o o o o x o o  
x o o x o x o x o x o o x o o o o x o o o x o o o x o o x x x x x o o o o x o o  
x o o x o x o x x x o o x o o o o o o o o x o o o x o o o o o o x o o o o x o o  
x o o x o x o o o o o o x o o o o o o o o x o o o o o o o o o o o o o o o x o o  
x o o x o x o o o o o o x o o o o x o o o x o o o o o o o o o o o o o x o x o o  
x o o x o x o o o o o o x x x x x x x x o x o o o o o o o o o o o o o x o x o o  
x o o x o o o o o o o o x o o o o o o x o x o o o o o o o o o o o o o x x x o o  
x o o x o o o o o o o o x o o o o o o x o x o o o o o o o o o o o o o o o x o o  
x o o x o o o o o o o o x x x o o o o x o x o o o o o o o o o o o o o o o x x o  
x o o x o o o o o o o o o o x o o o o x x x o o o o o o o o o o o o o o o o x o  
x o x x o o o o o o o o o o x o o o o o o o o o o o o o o o o x x x o o o o x o  
x o o x o o o o o o x x x x x o o o o o o o o o o o o o o o o x o x x o o o x o  
x o o x o o o o o o x o o x o o o o o o o o o o o o o o o o o x o o x o o o x o  
x o o x o o o o o o x o o o o o o o o o o o o o o x x x x o o x o o x o x x x o  
x o o x o o o o o o x o o o o o o o o o o o o o o x o o x o o x o o x o x o o o  
x o o x o o o o o o x o o o o o o o o o o o o o o x o o x o o x o o x x x o o o  
x o o x o o o o o o x o o o o o o o o o o o o o o x o o x o o x o o o o o o o o  
x o o o o o o o o o x o x o o o o o o o o o o o o x o o x o o x o o o o o o o o  
x o o o o o o o o o x x x o o o o o o o o o o o o x o o x o o x o o o o o o o o  
x x o o o o o o o o o o x o o o o o o o o o o o o x o o x x x x o o o o o o o o  
o o o o o o o o o o o o o o o o o o o o o o o o o x o o o o o o o o o o o o o Z  
# Sleeping #########################################################
# Begin ############################################################
A o o o o o + o o o o o o o o o o o o o o o o o o o o o o o o o o o o o o o o B  
o o o o o o + o o o o o o o o o o o o o o x o o o o o o o o o o o o o o o o o o  
o o o o o o + o o o o o o o o o x o x o o x o o o o o o o o o o o o o o o o o o  
o o o o o x + x o o o o o o o x x x x x x x x o x x x x x x x x x o o o o o o o  
o o o o o o + o o o o o o o o o x o o x o o x o x o o o o o o o x o o o o o o o  
o o o o o o x o o o o o o o o o o o o o o o x o x o o o o x x x x o o o o o o o  
o o o o o o o o o o o o o o o o o o o o o o x o x o o o o x o o o o o o o o o o  
o o x o o o o o o o o o o o o o o o o o o o x x x o o o o x o o o o o o o o o o  
o x x x o o o o o o o o o o o o o o o o o o o o o o o o o x o o o o o o o o o o  
o o x o o o o o o o o o o o o o o o o o o o o o o o o o o x x x x x o o o o o o  
o o x o o o o o o o x o o o o o o o o o o o o o o o o o o o o o o x x x o o o o  
o o x o x x x x x x x x x x x x x x x x x o o o o o o o o o o o o x o x o o o o  
x x x x x o o o o o x o o o o o o o o o x o o o o o o o o o o o x x o x o o o o  
x o o o o x x x o o x o o o o o o o o o x o o o o o o o o o o x x o o x o o o o  
x o o o o x o x o x x x o o o o o o o o x x x o o o o o o o o x o o o x o o o o  
x o o o o x o x o o x o o o o o o o o o o o x o o o o o o o o x o o o x x o o o  
x o o o o x o x o o o o o o o o o o o o x o x o o o x x x o o x o o o o x o o o  
x o o o o x o x o o o o o o o o o x x o x x x x x x x o x x x x x o o o x o o o  
x o o o o x o x o o o o o o o o o x x x x o o o o x o o x o o o x o o o x x o o  
x o o o o x o x o x x x x o o o o x o o x o o o o x o o x o o o x o o o o x o o  
x o o x x x o x o x o o x o o o o x o o x x o o o x o o x o o o x o o o o x o o  
x o o x o x o x o x o o x o o o o x o o o x o o o x o o x x x x x o o o o x o o  
x o o x o x o x x x o o x o o o o o o o o x o o o x o o o o o o x o o o o x o o  
x o o x o x o o o o o o x o o o o o o o o x o o o o o o o o o o o o o o o x o o  
x o o x o x o o o o o o x o o o o x o o o x o o o o o o o o o o o o o x o x o o  
x o o x o x o o o o o o x x x x x x x x o x o o o o o o o o o o o o o x o x o o  
x o o x o o o o o o o o x o o o o o o x o x o o o o o o o o o o o o o x x x o o  
x o o x o o o o o o o o x o o o o o o x o x o o o o o o o o o o o o o o o x o o  
x o o x o o o o o o o o x x x o o o o x o x o o o o o o o o o o o o o o o x x o  
x o o x o o o o o o o o o o x o o o o x x x o o o o o o o o o o o o o o o o x o  
x o x x o o o o o o o o o o x o o o o o o o o o o o o o o o o x x x o o o o x o  
x o o x o o o o o o x x x x x o o o o o o o o o o o o o o o o x o x x o o o x o  
x o o x o o o o o o x o o x o o o o o o o o o o o o o o o o o x o o x o o o x o  
x o o x o o o o o o x o o o o o o o o o o o o o o x x x x o o x o o x o x x x o  
x o o x o o o o o o x o o o o o o o o o o o o o o x o o x o o x o o x o x o o o  
x o o x o o o o o o x o o o o o o o o o o o o o o x o o x o o x o o x x x o o o  
x o o x o o o o o o x o o o o o o o o o o o o o o x o o x o o x o o o o o o o o  
x o o o o o o o o o x o x o o o o o o o o o o o o x o o x o o x o o o o o o o o  
x o o o o o o o o o x x x o o o o o o o o o o o o x o o x o o x o o o o o o o o  
x x o o o o o o o o o o x o o o o o o o o o o o o x o o x x x x o o o o o o o o  
o o o o o o o o o o o o o o o o o o o o o o o o o x o o o o o o o o o o o o o Z  
************************************************************************
        $x:6,$y:5	$xentry:6,$yentry:0	$xp:6,$yp:4
        $temp: $DONE:NO $SOLVED:NO
        $tm:
        $germ:G64
        @branch:
G60 G61 G62 G63 G64
************************************************************************
#2 marking: $cp[5][6] with (+) symbol
DEAD END: 6,5 
@G64 = ()
#Pop the bud: After split: $chx: 5, $chy: 3
#19 PITSTOP: $x:5,$y:3
************************************************************************
        $x:5,$y:3	$xentry:6,$yentry:0	$xp:6,$yp:5
        $temp:5,3 $DONE:NO $SOLVED:NO
        $tm:
        $germ:
        @branch:
G60 G61 G62 G63
************************************************************************
A o o o o o + o o o o o o o o o o o o o o o o o o o o o o o o o o o o o o o o B  
o o o o o o + o o o o o o o o o o o o o o x o o o o o o o o o o o o o o o o o o  
o o o o o o + o o o o o o o o o x o x o o x o o o o o o o o o o o o o o o o o o  
o o o o o x + x o o o o o o o x x x x x x x x o x x x x x x x x x o o o o o o o  
o o o o o o + o o o o o o o o o x o o x o o x o x o o o o o o o x o o o o o o o  
o o o o o o + o o o o o o o o o o o o o o o x o x o o o o x x x x o o o o o o o  
o o o o o o o o o o o o o o o o o o o o o o x o x o o o o x o o o o o o o o o o  
o o x o o o o o o o o o o o o o o o o o o o x x x o o o o x o o o o o o o o o o  
o x x x o o o o o o o o o o o o o o o o o o o o o o o o o x o o o o o o o o o o  
o o x o o o o o o o o o o o o o o o o o o o o o o o o o o x x x x x o o o o o o  
o o x o o o o o o o x o o o o o o o o o o o o o o o o o o o o o o x x x o o o o  
o o x o x x x x x x x x x x x x x x x x x o o o o o o o o o o o o x o x o o o o  
x x x x x o o o o o x o o o o o o o o o x o o o o o o o o o o o x x o x o o o o  
x o o o o x x x o o x o o o o o o o o o x o o o o o o o o o o x x o o x o o o o  
x o o o o x o x o x x x o o o o o o o o x x x o o o o o o o o x o o o x o o o o  
x o o o o x o x o o x o o o o o o o o o o o x o o o o o o o o x o o o x x o o o  
x o o o o x o x o o o o o o o o o o o o x o x o o o x x x o o x o o o o x o o o  
x o o o o x o x o o o o o o o o o x x o x x x x x x x o x x x x x o o o x o o o  
x o o o o x o x o o o o o o o o o x x x x o o o o x o o x o o o x o o o x x o o  
x o o o o x o x o x x x x o o o o x o o x o o o o x o o x o o o x o o o o x o o  
x o o x x x o x o x o o x o o o o x o o x x o o o x o o x o o o x o o o o x o o  
x o o x o x o x o x o o x o o o o x o o o x o o o x o o x x x x x o o o o x o o  
x o o x o x o x x x o o x o o o o o o o o x o o o x o o o o o o x o o o o x o o  
x o o x o x o o o o o o x o o o o o o o o x o o o o o o o o o o o o o o o x o o  
x o o x o x o o o o o o x o o o o x o o o x o o o o o o o o o o o o o x o x o o  
x o o x o x o o o o o o x x x x x x x x o x o o o o o o o o o o o o o x o x o o  
x o o x o o o o o o o o x o o o o o o x o x o o o o o o o o o o o o o x x x o o  
x o o x o o o o o o o o x o o o o o o x o x o o o o o o o o o o o o o o o x o o  
x o o x o o o o o o o o x x x o o o o x o x o o o o o o o o o o o o o o o x x o  
x o o x o o o o o o o o o o x o o o o x x x o o o o o o o o o o o o o o o o x o  
x o x x o o o o o o o o o o x o o o o o o o o o o o o o o o o x x x o o o o x o  
x o o x o o o o o o x x x x x o o o o o o o o o o o o o o o o x o x x o o o x o  
x o o x o o o o o o x o o x o o o o o o o o o o o o o o o o o x o o x o o o x o  
x o o x o o o o o o x o o o o o o o o o o o o o o x x x x o o x o o x o x x x o  
x o o x o o o o o o x o o o o o o o o o o o o o o x o o x o o x o o x o x o o o  
x o o x o o o o o o x o o o o o o o o o o o o o o x o o x o o x o o x x x o o o  
x o o x o o o o o o x o o o o o o o o o o o o o o x o o x o o x o o o o o o o o  
x o o o o o o o o o x o x o o o o o o o o o o o o x o o x o o x o o o o o o o o  
x o o o o o o o o o x x x o o o o o o o o o o o o x o o x o o x o o o o o o o o  
x x o o o o o o o o o o x o o o o o o o o o o o o x o o x x x x o o o o o o o o  
o o o o o o o o o o o o o o o o o o o o o o o o o x o o o o o o o o o o o o o Z  
# Sleeping #########################################################
# Begin ############################################################
A o o o o o + o o o o o o o o o o o o o o o o o o o o o o o o o o o o o o o o B  
o o o o o o + o o o o o o o o o o o o o o x o o o o o o o o o o o o o o o o o o  
o o o o o o + o o o o o o o o o x o x o o x o o o o o o o o o o o o o o o o o o  
o o o o o x + x o o o o o o o x x x x x x x x o x x x x x x x x x o o o o o o o  
o o o o o o + o o o o o o o o o x o o x o o x o x o o o o o o o x o o o o o o o  
o o o o o o + o o o o o o o o o o o o o o o x o x o o o o x x x x o o o o o o o  
o o o o o o o o o o o o o o o o o o o o o o x o x o o o o x o o o o o o o o o o  
o o x o o o o o o o o o o o o o o o o o o o x x x o o o o x o o o o o o o o o o  
o x x x o o o o o o o o o o o o o o o o o o o o o o o o o x o o o o o o o o o o  
o o x o o o o o o o o o o o o o o o o o o o o o o o o o o x x x x x o o o o o o  
o o x o o o o o o o x o o o o o o o o o o o o o o o o o o o o o o x x x o o o o  
o o x o x x x x x x x x x x x x x x x x x o o o o o o o o o o o o x o x o o o o  
x x x x x o o o o o x o o o o o o o o o x o o o o o o o o o o o x x o x o o o o  
x o o o o x x x o o x o o o o o o o o o x o o o o o o o o o o x x o o x o o o o  
x o o o o x o x o x x x o o o o o o o o x x x o o o o o o o o x o o o x o o o o  
x o o o o x o x o o x o o o o o o o o o o o x o o o o o o o o x o o o x x o o o  
x o o o o x o x o o o o o o o o o o o o x o x o o o x x x o o x o o o o x o o o  
x o o o o x o x o o o o o o o o o x x o x x x x x x x o x x x x x o o o x o o o  
x o o o o x o x o o o o o o o o o x x x x o o o o x o o x o o o x o o o x x o o  
x o o o o x o x o x x x x o o o o x o o x o o o o x o o x o o o x o o o o x o o  
x o o x x x o x o x o o x o o o o x o o x x o o o x o o x o o o x o o o o x o o  
x o o x o x o x o x o o x o o o o x o o o x o o o x o o x x x x x o o o o x o o  
x o o x o x o x x x o o x o o o o o o o o x o o o x o o o o o o x o o o o x o o  
x o o x o x o o o o o o x o o o o o o o o x o o o o o o o o o o o o o o o x o o  
x o o x o x o o o o o o x o o o o x o o o x o o o o o o o o o o o o o x o x o o  
x o o x o x o o o o o o x x x x x x x x o x o o o o o o o o o o o o o x o x o o  
x o o x o o o o o o o o x o o o o o o x o x o o o o o o o o o o o o o x x x o o  
x o o x o o o o o o o o x o o o o o o x o x o o o o o o o o o o o o o o o x o o  
x o o x o o o o o o o o x x x o o o o x o x o o o o o o o o o o o o o o o x x o  
x o o x o o o o o o o o o o x o o o o x x x o o o o o o o o o o o o o o o o x o  
x o x x o o o o o o o o o o x o o o o o o o o o o o o o o o o x x x o o o o x o  
x o o x o o o o o o x x x x x o o o o o o o o o o o o o o o o x o x x o o o x o  
x o o x o o o o o o x o o x o o o o o o o o o o o o o o o o o x o o x o o o x o  
x o o x o o o o o o x o o o o o o o o o o o o o o x x x x o o x o o x o x x x o  
x o o x o o o o o o x o o o o o o o o o o o o o o x o o x o o x o o x o x o o o  
x o o x o o o o o o x o o o o o o o o o o o o o o x o o x o o x o o x x x o o o  
x o o x o o o o o o x o o o o o o o o o o o o o o x o o x o o x o o o o o o o o  
x o o o o o o o o o x o x o o o o o o o o o o o o x o o x o o x o o o o o o o o  
x o o o o o o o o o x x x o o o o o o o o o o o o x o o x o o x o o o o o o o o  
x x o o o o o o o o o o x o o o o o o o o o o o o x o o x x x x o o o o o o o o  
o o o o o o o o o o o o o o o o o o o o o o o o o x o o o o o o o o o o o o o Z  
************************************************************************
        $x:5,$y:3	$xentry:6,$yentry:0	$xp:6,$yp:5
        $temp:5,3 $DONE:NO $SOLVED:NO
        $tm:
        $germ:
        @branch:
G60 G61 G62 G63
************************************************************************
#2 marking: $cp[3][5] with (+) symbol
DEAD END: 5,3 
@G63 = (7,3)
#Pop the bud: After split: $chx: 7, $chy: 3
#19 PITSTOP: $x:7,$y:3
************************************************************************
        $x:7,$y:3	$xentry:6,$yentry:0	$xp:5,$yp:3
        $temp:7,3 $DONE:NO $SOLVED:NO
        $tm:
        $germ:
        @branch:
G60 G61 G62 G63
************************************************************************
A o o o o o + o o o o o o o o o o o o o o o o o o o o o o o o o o o o o o o o B  
o o o o o o + o o o o o o o o o o o o o o x o o o o o o o o o o o o o o o o o o  
o o o o o o + o o o o o o o o o x o x o o x o o o o o o o o o o o o o o o o o o  
o o o o o + + x o o o o o o o x x x x x x x x o x x x x x x x x x o o o o o o o  
o o o o o o + o o o o o o o o o x o o x o o x o x o o o o o o o x o o o o o o o  
o o o o o o + o o o o o o o o o o o o o o o x o x o o o o x x x x o o o o o o o  
o o o o o o o o o o o o o o o o o o o o o o x o x o o o o x o o o o o o o o o o  
o o x o o o o o o o o o o o o o o o o o o o x x x o o o o x o o o o o o o o o o  
o x x x o o o o o o o o o o o o o o o o o o o o o o o o o x o o o o o o o o o o  
o o x o o o o o o o o o o o o o o o o o o o o o o o o o o x x x x x o o o o o o  
o o x o o o o o o o x o o o o o o o o o o o o o o o o o o o o o o x x x o o o o  
o o x o x x x x x x x x x x x x x x x x x o o o o o o o o o o o o x o x o o o o  
x x x x x o o o o o x o o o o o o o o o x o o o o o o o o o o o x x o x o o o o  
x o o o o x x x o o x o o o o o o o o o x o o o o o o o o o o x x o o x o o o o  
x o o o o x o x o x x x o o o o o o o o x x x o o o o o o o o x o o o x o o o o  
x o o o o x o x o o x o o o o o o o o o o o x o o o o o o o o x o o o x x o o o  
x o o o o x o x o o o o o o o o o o o o x o x o o o x x x o o x o o o o x o o o  
x o o o o x o x o o o o o o o o o x x o x x x x x x x o x x x x x o o o x o o o  
x o o o o x o x o o o o o o o o o x x x x o o o o x o o x o o o x o o o x x o o  
x o o o o x o x o x x x x o o o o x o o x o o o o x o o x o o o x o o o o x o o  
x o o x x x o x o x o o x o o o o x o o x x o o o x o o x o o o x o o o o x o o  
x o o x o x o x o x o o x o o o o x o o o x o o o x o o x x x x x o o o o x o o  
x o o x o x o x x x o o x o o o o o o o o x o o o x o o o o o o x o o o o x o o  
x o o x o x o o o o o o x o o o o o o o o x o o o o o o o o o o o o o o o x o o  
x o o x o x o o o o o o x o o o o x o o o x o o o o o o o o o o o o o x o x o o  
x o o x o x o o o o o o x x x x x x x x o x o o o o o o o o o o o o o x o x o o  
x o o x o o o o o o o o x o o o o o o x o x o o o o o o o o o o o o o x x x o o  
x o o x o o o o o o o o x o o o o o o x o x o o o o o o o o o o o o o o o x o o  
x o o x o o o o o o o o x x x o o o o x o x o o o o o o o o o o o o o o o x x o  
x o o x o o o o o o o o o o x o o o o x x x o o o o o o o o o o o o o o o o x o  
x o x x o o o o o o o o o o x o o o o o o o o o o o o o o o o x x x o o o o x o  
x o o x o o o o o o x x x x x o o o o o o o o o o o o o o o o x o x x o o o x o  
x o o x o o o o o o x o o x o o o o o o o o o o o o o o o o o x o o x o o o x o  
x o o x o o o o o o x o o o o o o o o o o o o o o x x x x o o x o o x o x x x o  
x o o x o o o o o o x o o o o o o o o o o o o o o x o o x o o x o o x o x o o o  
x o o x o o o o o o x o o o o o o o o o o o o o o x o o x o o x o o x x x o o o  
x o o x o o o o o o x o o o o o o o o o o o o o o x o o x o o x o o o o o o o o  
x o o o o o o o o o x o x o o o o o o o o o o o o x o o x o o x o o o o o o o o  
x o o o o o o o o o x x x o o o o o o o o o o o o x o o x o o x o o o o o o o o  
x x o o o o o o o o o o x o o o o o o o o o o o o x o o x x x x o o o o o o o o  
o o o o o o o o o o o o o o o o o o o o o o o o o x o o o o o o o o o o o o o Z  
# Sleeping #########################################################
# Begin ############################################################
A o o o o o + o o o o o o o o o o o o o o o o o o o o o o o o o o o o o o o o B  
o o o o o o + o o o o o o o o o o o o o o x o o o o o o o o o o o o o o o o o o  
o o o o o o + o o o o o o o o o x o x o o x o o o o o o o o o o o o o o o o o o  
o o o o o + + x o o o o o o o x x x x x x x x o x x x x x x x x x o o o o o o o  
o o o o o o + o o o o o o o o o x o o x o o x o x o o o o o o o x o o o o o o o  
o o o o o o + o o o o o o o o o o o o o o o x o x o o o o x x x x o o o o o o o  
o o o o o o o o o o o o o o o o o o o o o o x o x o o o o x o o o o o o o o o o  
o o x o o o o o o o o o o o o o o o o o o o x x x o o o o x o o o o o o o o o o  
o x x x o o o o o o o o o o o o o o o o o o o o o o o o o x o o o o o o o o o o  
o o x o o o o o o o o o o o o o o o o o o o o o o o o o o x x x x x o o o o o o  
o o x o o o o o o o x o o o o o o o o o o o o o o o o o o o o o o x x x o o o o  
o o x o x x x x x x x x x x x x x x x x x o o o o o o o o o o o o x o x o o o o  
x x x x x o o o o o x o o o o o o o o o x o o o o o o o o o o o x x o x o o o o  
x o o o o x x x o o x o o o o o o o o o x o o o o o o o o o o x x o o x o o o o  
x o o o o x o x o x x x o o o o o o o o x x x o o o o o o o o x o o o x o o o o  
x o o o o x o x o o x o o o o o o o o o o o x o o o o o o o o x o o o x x o o o  
x o o o o x o x o o o o o o o o o o o o x o x o o o x x x o o x o o o o x o o o  
x o o o o x o x o o o o o o o o o x x o x x x x x x x o x x x x x o o o x o o o  
x o o o o x o x o o o o o o o o o x x x x o o o o x o o x o o o x o o o x x o o  
x o o o o x o x o x x x x o o o o x o o x o o o o x o o x o o o x o o o o x o o  
x o o x x x o x o x o o x o o o o x o o x x o o o x o o x o o o x o o o o x o o  
x o o x o x o x o x o o x o o o o x o o o x o o o x o o x x x x x o o o o x o o  
x o o x o x o x x x o o x o o o o o o o o x o o o x o o o o o o x o o o o x o o  
x o o x o x o o o o o o x o o o o o o o o x o o o o o o o o o o o o o o o x o o  
x o o x o x o o o o o o x o o o o x o o o x o o o o o o o o o o o o o x o x o o  
x o o x o x o o o o o o x x x x x x x x o x o o o o o o o o o o o o o x o x o o  
x o o x o o o o o o o o x o o o o o o x o x o o o o o o o o o o o o o x x x o o  
x o o x o o o o o o o o x o o o o o o x o x o o o o o o o o o o o o o o o x o o  
x o o x o o o o o o o o x x x o o o o x o x o o o o o o o o o o o o o o o x x o  
x o o x o o o o o o o o o o x o o o o x x x o o o o o o o o o o o o o o o o x o  
x o x x o o o o o o o o o o x o o o o o o o o o o o o o o o o x x x o o o o x o  
x o o x o o o o o o x x x x x o o o o o o o o o o o o o o o o x o x x o o o x o  
x o o x o o o o o o x o o x o o o o o o o o o o o o o o o o o x o o x o o o x o  
x o o x o o o o o o x o o o o o o o o o o o o o o x x x x o o x o o x o x x x o  
x o o x o o o o o o x o o o o o o o o o o o o o o x o o x o o x o o x o x o o o  
x o o x o o o o o o x o o o o o o o o o o o o o o x o o x o o x o o x x x o o o  
x o o x o o o o o o x o o o o o o o o o o o o o o x o o x o o x o o o o o o o o  
x o o o o o o o o o x o x o o o o o o o o o o o o x o o x o o x o o o o o o o o  
x o o o o o o o o o x x x o o o o o o o o o o o o x o o x o o x o o o o o o o o  
x x o o o o o o o o o o x o o o o o o o o o o o o x o o x x x x o o o o o o o o  
o o o o o o o o o o o o o o o o o o o o o o o o o x o o o o o o o o o o o o o Z  
************************************************************************
        $x:7,$y:3	$xentry:6,$yentry:0	$xp:5,$yp:3
        $temp:7,3 $DONE:NO $SOLVED:NO
        $tm:
        $germ:
        @branch:
G60 G61 G62 G63
************************************************************************
#2 marking: $cp[3][7] with (+) symbol
DEAD END: 7,3 
@G63 = ()
#Pop the bud: After split: $chx: , $chy: 
#19 PITSTOP: $x:7,$y:3
************************************************************************
        $x:7,$y:3	$xentry:6,$yentry:0	$xp:7,$yp:3
        $temp: $DONE:YES $SOLVED:NO
        $tm:
        $germ:
        @branch:

************************************************************************
A o o o o o + o o o o o o o o o o o o o o o o o o o o o o o o o o o o o o o o B  
o o o o o o + o o o o o o o o o o o o o o x o o o o o o o o o o o o o o o o o o  
o o o o o o + o o o o o o o o o x o x o o x o o o o o o o o o o o o o o o o o o  
o o o o o + + + o o o o o o o x x x x x x x x o x x x x x x x x x o o o o o o o  
o o o o o o + o o o o o o o o o x o o x o o x o x o o o o o o o x o o o o o o o  
o o o o o o + o o o o o o o o o o o o o o o x o x o o o o x x x x o o o o o o o  
o o o o o o o o o o o o o o o o o o o o o o x o x o o o o x o o o o o o o o o o  
o o x o o o o o o o o o o o o o o o o o o o x x x o o o o x o o o o o o o o o o  
o x x x o o o o o o o o o o o o o o o o o o o o o o o o o x o o o o o o o o o o  
o o x o o o o o o o o o o o o o o o o o o o o o o o o o o x x x x x o o o o o o  
o o x o o o o o o o x o o o o o o o o o o o o o o o o o o o o o o x x x o o o o  
o o x o x x x x x x x x x x x x x x x x x o o o o o o o o o o o o x o x o o o o  
x x x x x o o o o o x o o o o o o o o o x o o o o o o o o o o o x x o x o o o o  
x o o o o x x x o o x o o o o o o o o o x o o o o o o o o o o x x o o x o o o o  
x o o o o x o x o x x x o o o o o o o o x x x o o o o o o o o x o o o x o o o o  
x o o o o x o x o o x o o o o o o o o o o o x o o o o o o o o x o o o x x o o o  
x o o o o x o x o o o o o o o o o o o o x o x o o o x x x o o x o o o o x o o o  
x o o o o x o x o o o o o o o o o x x o x x x x x x x o x x x x x o o o x o o o  
x o o o o x o x o o o o o o o o o x x x x o o o o x o o x o o o x o o o x x o o  
x o o o o x o x o x x x x o o o o x o o x o o o o x o o x o o o x o o o o x o o  
x o o x x x o x o x o o x o o o o x o o x x o o o x o o x o o o x o o o o x o o  
x o o x o x o x o x o o x o o o o x o o o x o o o x o o x x x x x o o o o x o o  
x o o x o x o x x x o o x o o o o o o o o x o o o x o o o o o o x o o o o x o o  
x o o x o x o o o o o o x o o o o o o o o x o o o o o o o o o o o o o o o x o o  
x o o x o x o o o o o o x o o o o x o o o x o o o o o o o o o o o o o x o x o o  
x o o x o x o o o o o o x x x x x x x x o x o o o o o o o o o o o o o x o x o o  
x o o x o o o o o o o o x o o o o o o x o x o o o o o o o o o o o o o x x x o o  
x o o x o o o o o o o o x o o o o o o x o x o o o o o o o o o o o o o o o x o o  
x o o x o o o o o o o o x x x o o o o x o x o o o o o o o o o o o o o o o x x o  
x o o x o o o o o o o o o o x o o o o x x x o o o o o o o o o o o o o o o o x o  
x o x x o o o o o o o o o o x o o o o o o o o o o o o o o o o x x x o o o o x o  
x o o x o o o o o o x x x x x o o o o o o o o o o o o o o o o x o x x o o o x o  
x o o x o o o o o o x o o x o o o o o o o o o o o o o o o o o x o o x o o o x o  
x o o x o o o o o o x o o o o o o o o o o o o o o x x x x o o x o o x o x x x o  
x o o x o o o o o o x o o o o o o o o o o o o o o x o o x o o x o o x o x o o o  
x o o x o o o o o o x o o o o o o o o o o o o o o x o o x o o x o o x x x o o o  
x o o x o o o o o o x o o o o o o o o o o o o o o x o o x o o x o o o o o o o o  
x o o o o o o o o o x o x o o o o o o o o o o o o x o o x o o x o o o o o o o o  
x o o o o o o o o o x x x o o o o o o o o o o o o x o o x o o x o o o o o o o o  
x x o o o o o o o o o o x o o o o o o o o o o o o x o o x x x x o o o o o o o o  
o o o o o o o o o o o o o o o o o o o o o o o o o x o o o o o o o o o o o o o Z  
# Sleeping #########################################################
*****  MAZE NOT SOLVED **************************************************
